<?xml version="1.0" encoding="UTF-8"?>
<testng-results skipped="0" failed="2" ignored="2" total="17" passed="13">
  <reporter-output>
  </reporter-output>
  <suite name="Default suite" duration-ms="353164" started-at="2019-09-18T15:15:20Z" finished-at="2019-09-18T15:21:13Z">
    <groups>
    </groups>
    <test name="Default test" duration-ms="353164" started-at="2019-09-18T15:15:20Z" finished-at="2019-09-18T15:21:13Z">
      <class name="CloudBLM.GitHub.CloudBLM">
        <test-method status="PASS" signature="Start()[pri:0, instance:CloudBLM.GitHub.CloudBLM@548e7350]" name="Start" is-config="true" duration-ms="141" started-at="2019-09-18T15:15:20Z" finished-at="2019-09-18T15:15:20Z">
          <reporter-output>
          </reporter-output>
        </test-method> <!-- Start -->
        <test-method status="PASS" signature="ChromeBrowser()[pri:0, instance:CloudBLM.GitHub.CloudBLM@548e7350]" name="ChromeBrowser" duration-ms="6539" started-at="2019-09-18T15:15:20Z" finished-at="2019-09-18T15:15:26Z">
          <reporter-output>
          </reporter-output>
        </test-method> <!-- ChromeBrowser -->
        <test-method status="PASS" signature="CloudBLMURL()[pri:1, instance:CloudBLM.GitHub.CloudBLM@548e7350]" name="CloudBLMURL" duration-ms="3334" started-at="2019-09-18T15:15:26Z" finished-at="2019-09-18T15:15:30Z">
          <reporter-output>
          </reporter-output>
        </test-method> <!-- CloudBLMURL -->
        <test-method status="PASS" signature="LoginPage()[pri:2, instance:CloudBLM.GitHub.CloudBLM@548e7350]" name="LoginPage" duration-ms="28454" started-at="2019-09-18T15:15:30Z" finished-at="2019-09-18T15:15:58Z">
          <reporter-output>
          </reporter-output>
        </test-method> <!-- LoginPage -->
        <test-method status="PASS" signature="CreateProject()[pri:3, instance:CloudBLM.GitHub.CloudBLM@548e7350]" name="CreateProject" duration-ms="54051" started-at="2019-09-18T15:15:58Z" finished-at="2019-09-18T15:16:52Z">
          <reporter-output>
          </reporter-output>
        </test-method> <!-- CreateProject -->
        <test-method status="PASS" signature="ProjectGridView()[pri:4, instance:CloudBLM.GitHub.CloudBLM@548e7350]" name="ProjectGridView" duration-ms="24453" started-at="2019-09-18T15:16:52Z" finished-at="2019-09-18T15:17:17Z">
          <reporter-output>
          </reporter-output>
        </test-method> <!-- ProjectGridView -->
        <test-method status="PASS" signature="SearchProject()[pri:5, instance:CloudBLM.GitHub.CloudBLM@548e7350]" name="SearchProject" duration-ms="10771" started-at="2019-09-18T15:17:17Z" finished-at="2019-09-18T15:17:27Z">
          <reporter-output>
          </reporter-output>
        </test-method> <!-- SearchProject -->
        <test-method status="PASS" signature="ManageProject()[pri:6, instance:CloudBLM.GitHub.CloudBLM@548e7350]" name="ManageProject" duration-ms="14369" started-at="2019-09-18T15:17:27Z" finished-at="2019-09-18T15:17:42Z">
          <reporter-output>
          </reporter-output>
        </test-method> <!-- ManageProject -->
        <test-method status="PASS" signature="ProjectInfo()[pri:7, instance:CloudBLM.GitHub.CloudBLM@548e7350]" name="ProjectInfo" duration-ms="27134" started-at="2019-09-18T15:17:42Z" finished-at="2019-09-18T15:18:09Z">
          <reporter-output>
          </reporter-output>
        </test-method> <!-- ProjectInfo -->
        <test-method status="FAIL" signature="ProjectInfo_Team()[pri:9, instance:CloudBLM.GitHub.CloudBLM@548e7350]" name="ProjectInfo_Team" duration-ms="31" started-at="2019-09-18T15:18:09Z" finished-at="2019-09-18T15:18:09Z">
          <exception class="java.lang.AssertionError">
            <message>
              <![CDATA[org.openqa.selenium.NoSuchElementException: no such element: Unable to locate element: {"method":"xpath","selector":"//*[text()=' Team']"}
  (Session info: chrome=76.0.3809.100)
For documentation on this error, please visit: https://www.seleniumhq.org/exceptions/no_such_element.html
Build info: version: '3.141.59', revision: 'e82be7d358', time: '2018-11-14T08:17:03'
System info: host: 'SSTPR043', ip: '192.168.8.56', os.name: 'Windows 10', os.arch: 'amd64', os.version: '10.0', java.version: '1.8.0_201'
Driver info: org.openqa.selenium.chrome.ChromeDriver
Capabilities {acceptInsecureCerts: false, browserName: chrome, browserVersion: 76.0.3809.100, chrome: {chromedriverVersion: 76.0.3809.68 (420c9498db8ce..., userDataDir: C:\Users\fazil\AppData\Loca...}, goog:chromeOptions: {debuggerAddress: localhost:60869}, javascriptEnabled: true, networkConnectionEnabled: false, pageLoadStrategy: normal, platform: XP, platformName: XP, proxy: Proxy(), setWindowRect: true, strictFileInteractability: false, timeouts: {implicit: 0, pageLoad: 300000, script: 30000}, unhandledPromptBehavior: dismiss and notify}
Session ID: 0c5939f42f517ff5d9093c5aa0b722f4
*** Element info: {Using=xpath, value=//*[text()=' Team']}]]>
            </message>
            <full-stacktrace>
              <![CDATA[java.lang.AssertionError: org.openqa.selenium.NoSuchElementException: no such element: Unable to locate element: {"method":"xpath","selector":"//*[text()=' Team']"}
  (Session info: chrome=76.0.3809.100)
For documentation on this error, please visit: https://www.seleniumhq.org/exceptions/no_such_element.html
Build info: version: '3.141.59', revision: 'e82be7d358', time: '2018-11-14T08:17:03'
System info: host: 'SSTPR043', ip: '192.168.8.56', os.name: 'Windows 10', os.arch: 'amd64', os.version: '10.0', java.version: '1.8.0_201'
Driver info: org.openqa.selenium.chrome.ChromeDriver
Capabilities {acceptInsecureCerts: false, browserName: chrome, browserVersion: 76.0.3809.100, chrome: {chromedriverVersion: 76.0.3809.68 (420c9498db8ce..., userDataDir: C:\Users\fazil\AppData\Loca...}, goog:chromeOptions: {debuggerAddress: localhost:60869}, javascriptEnabled: true, networkConnectionEnabled: false, pageLoadStrategy: normal, platform: XP, platformName: XP, proxy: Proxy(), setWindowRect: true, strictFileInteractability: false, timeouts: {implicit: 0, pageLoad: 300000, script: 30000}, unhandledPromptBehavior: dismiss and notify}
Session ID: 0c5939f42f517ff5d9093c5aa0b722f4
*** Element info: {Using=xpath, value=//*[text()=' Team']}
at org.testng.Assert.fail(Assert.java:96)
at CloudBLM.GitHub.CloudBLM.ProjectInfo_Team(CloudBLM.java:926)
at sun.reflect.NativeMethodAccessorImpl.invoke0(Native Method)
at sun.reflect.NativeMethodAccessorImpl.invoke(Unknown Source)
at sun.reflect.DelegatingMethodAccessorImpl.invoke(Unknown Source)
at java.lang.reflect.Method.invoke(Unknown Source)
at org.testng.internal.MethodInvocationHelper.invokeMethod(MethodInvocationHelper.java:124)
at org.testng.internal.Invoker.invokeMethod(Invoker.java:583)
at org.testng.internal.Invoker.invokeTestMethod(Invoker.java:719)
at org.testng.internal.Invoker.invokeTestMethods(Invoker.java:989)
at org.testng.internal.TestMethodWorker.invokeTestMethods(TestMethodWorker.java:125)
at org.testng.internal.TestMethodWorker.run(TestMethodWorker.java:109)
at org.testng.TestRunner.privateRun(TestRunner.java:648)
at org.testng.TestRunner.run(TestRunner.java:505)
at org.testng.SuiteRunner.runTest(SuiteRunner.java:455)
at org.testng.SuiteRunner.runSequentially(SuiteRunner.java:450)
at org.testng.SuiteRunner.privateRun(SuiteRunner.java:415)
at org.testng.SuiteRunner.run(SuiteRunner.java:364)
at org.testng.SuiteRunnerWorker.runSuite(SuiteRunnerWorker.java:52)
at org.testng.SuiteRunnerWorker.run(SuiteRunnerWorker.java:84)
at org.testng.TestNG.runSuitesSequentially(TestNG.java:1208)
at org.testng.TestNG.runSuitesLocally(TestNG.java:1137)
at org.testng.TestNG.runSuites(TestNG.java:1049)
at org.testng.TestNG.run(TestNG.java:1017)
at org.testng.remote.AbstractRemoteTestNG.run(AbstractRemoteTestNG.java:114)
at org.testng.remote.RemoteTestNG.initAndRun(RemoteTestNG.java:251)
at org.testng.remote.RemoteTestNG.main(RemoteTestNG.java:77)
]]>
            </full-stacktrace>
          </exception> <!-- java.lang.AssertionError -->
          <reporter-output>
          </reporter-output>
        </test-method> <!-- ProjectInfo_Team -->
        <test-method status="PASS" signature="ManageIssue()[pri:10, instance:CloudBLM.GitHub.CloudBLM@548e7350]" name="ManageIssue" duration-ms="34841" started-at="2019-09-18T15:18:09Z" finished-at="2019-09-18T15:18:44Z">
          <reporter-output>
          </reporter-output>
        </test-method> <!-- ManageIssue -->
        <test-method status="PASS" signature="ManageIssue_Count()[pri:11, instance:CloudBLM.GitHub.CloudBLM@548e7350]" name="ManageIssue_Count" duration-ms="4141" started-at="2019-09-18T15:18:44Z" finished-at="2019-09-18T15:18:48Z">
          <reporter-output>
          </reporter-output>
        </test-method> <!-- ManageIssue_Count -->
        <test-method status="PASS" signature="ManageRule()[pri:14, instance:CloudBLM.GitHub.CloudBLM@548e7350]" name="ManageRule" duration-ms="58697" started-at="2019-09-18T15:18:48Z" finished-at="2019-09-18T15:19:47Z">
          <reporter-output>
          </reporter-output>
        </test-method> <!-- ManageRule -->
        <test-method status="PASS" signature="ModelViewer()[pri:15, instance:CloudBLM.GitHub.CloudBLM@548e7350]" name="ModelViewer" duration-ms="49516" started-at="2019-09-18T15:19:47Z" finished-at="2019-09-18T15:20:36Z">
          <reporter-output>
          </reporter-output>
        </test-method> <!-- ModelViewer -->
        <test-method status="PASS" signature="Grouping()[pri:16, instance:CloudBLM.GitHub.CloudBLM@548e7350]" name="Grouping" duration-ms="19376" started-at="2019-09-18T15:20:36Z" finished-at="2019-09-18T15:20:56Z">
          <reporter-output>
          </reporter-output>
        </test-method> <!-- Grouping -->
        <test-method status="FAIL" signature="CreateIssue()[pri:17, instance:CloudBLM.GitHub.CloudBLM@548e7350]" name="CreateIssue" duration-ms="16963" started-at="2019-09-18T15:20:56Z" finished-at="2019-09-18T15:21:12Z">
          <exception class="java.lang.AssertionError">
            <message>
              <![CDATA[org.openqa.selenium.NoSuchElementException: no such element: Unable to locate element: {"method":"xpath","selector":"//i[@class='icon-issue-c text-danger instanceHover pointer float-right ng-star-inserted']"}
  (Session info: chrome=76.0.3809.100)
For documentation on this error, please visit: https://www.seleniumhq.org/exceptions/no_such_element.html
Build info: version: '3.141.59', revision: 'e82be7d358', time: '2018-11-14T08:17:03'
System info: host: 'SSTPR043', ip: '192.168.8.56', os.name: 'Windows 10', os.arch: 'amd64', os.version: '10.0', java.version: '1.8.0_201'
Driver info: org.openqa.selenium.chrome.ChromeDriver
Capabilities {acceptInsecureCerts: false, browserName: chrome, browserVersion: 76.0.3809.100, chrome: {chromedriverVersion: 76.0.3809.68 (420c9498db8ce..., userDataDir: C:\Users\fazil\AppData\Loca...}, goog:chromeOptions: {debuggerAddress: localhost:60869}, javascriptEnabled: true, networkConnectionEnabled: false, pageLoadStrategy: normal, platform: XP, platformName: XP, proxy: Proxy(), setWindowRect: true, strictFileInteractability: false, timeouts: {implicit: 0, pageLoad: 300000, script: 30000}, unhandledPromptBehavior: dismiss and notify}
Session ID: 0c5939f42f517ff5d9093c5aa0b722f4
*** Element info: {Using=xpath, value=//i[@class='icon-issue-c text-danger instanceHover pointer float-right ng-star-inserted']}]]>
            </message>
            <full-stacktrace>
              <![CDATA[java.lang.AssertionError: org.openqa.selenium.NoSuchElementException: no such element: Unable to locate element: {"method":"xpath","selector":"//i[@class='icon-issue-c text-danger instanceHover pointer float-right ng-star-inserted']"}
  (Session info: chrome=76.0.3809.100)
For documentation on this error, please visit: https://www.seleniumhq.org/exceptions/no_such_element.html
Build info: version: '3.141.59', revision: 'e82be7d358', time: '2018-11-14T08:17:03'
System info: host: 'SSTPR043', ip: '192.168.8.56', os.name: 'Windows 10', os.arch: 'amd64', os.version: '10.0', java.version: '1.8.0_201'
Driver info: org.openqa.selenium.chrome.ChromeDriver
Capabilities {acceptInsecureCerts: false, browserName: chrome, browserVersion: 76.0.3809.100, chrome: {chromedriverVersion: 76.0.3809.68 (420c9498db8ce..., userDataDir: C:\Users\fazil\AppData\Loca...}, goog:chromeOptions: {debuggerAddress: localhost:60869}, javascriptEnabled: true, networkConnectionEnabled: false, pageLoadStrategy: normal, platform: XP, platformName: XP, proxy: Proxy(), setWindowRect: true, strictFileInteractability: false, timeouts: {implicit: 0, pageLoad: 300000, script: 30000}, unhandledPromptBehavior: dismiss and notify}
Session ID: 0c5939f42f517ff5d9093c5aa0b722f4
*** Element info: {Using=xpath, value=//i[@class='icon-issue-c text-danger instanceHover pointer float-right ng-star-inserted']}
at org.testng.Assert.fail(Assert.java:96)
at CloudBLM.GitHub.CloudBLM.CreateIssue(CloudBLM.java:1891)
at sun.reflect.NativeMethodAccessorImpl.invoke0(Native Method)
at sun.reflect.NativeMethodAccessorImpl.invoke(Unknown Source)
at sun.reflect.DelegatingMethodAccessorImpl.invoke(Unknown Source)
at java.lang.reflect.Method.invoke(Unknown Source)
at org.testng.internal.MethodInvocationHelper.invokeMethod(MethodInvocationHelper.java:124)
at org.testng.internal.Invoker.invokeMethod(Invoker.java:583)
at org.testng.internal.Invoker.invokeTestMethod(Invoker.java:719)
at org.testng.internal.Invoker.invokeTestMethods(Invoker.java:989)
at org.testng.internal.TestMethodWorker.invokeTestMethods(TestMethodWorker.java:125)
at org.testng.internal.TestMethodWorker.run(TestMethodWorker.java:109)
at org.testng.TestRunner.privateRun(TestRunner.java:648)
at org.testng.TestRunner.run(TestRunner.java:505)
at org.testng.SuiteRunner.runTest(SuiteRunner.java:455)
at org.testng.SuiteRunner.runSequentially(SuiteRunner.java:450)
at org.testng.SuiteRunner.privateRun(SuiteRunner.java:415)
at org.testng.SuiteRunner.run(SuiteRunner.java:364)
at org.testng.SuiteRunnerWorker.runSuite(SuiteRunnerWorker.java:52)
at org.testng.SuiteRunnerWorker.run(SuiteRunnerWorker.java:84)
at org.testng.TestNG.runSuitesSequentially(TestNG.java:1208)
at org.testng.TestNG.runSuitesLocally(TestNG.java:1137)
at org.testng.TestNG.runSuites(TestNG.java:1049)
at org.testng.TestNG.run(TestNG.java:1017)
at org.testng.remote.AbstractRemoteTestNG.run(AbstractRemoteTestNG.java:114)
at org.testng.remote.RemoteTestNG.initAndRun(RemoteTestNG.java:251)
at org.testng.remote.RemoteTestNG.main(RemoteTestNG.java:77)
]]>
            </full-stacktrace>
          </exception> <!-- java.lang.AssertionError -->
          <reporter-output>
          </reporter-output>
        </test-method> <!-- CreateIssue -->
        <test-method status="PASS" signature="End()[pri:0, instance:CloudBLM.GitHub.CloudBLM@548e7350]" name="End" is-config="true" duration-ms="292" started-at="2019-09-18T15:21:12Z" finished-at="2019-09-18T15:21:13Z">
          <reporter-output>
          </reporter-output>
        </test-method> <!-- End -->
      </class> <!-- CloudBLM.GitHub.CloudBLM -->
    </test> <!-- Default test -->
  </suite> <!-- Default suite -->
</testng-results>
